Arguments: 
  /usr/bin/node /usr/bin/yarn watch

PATH: 
  /opt/google-cloud-sdk/bin:/usr/local/sbin:/usr/local/bin:/usr/bin:/usr/lib/jvm/default/bin:/usr/bin/site_perl:/usr/bin/vendor_perl:/usr/bin/core_perl

Yarn version: 
  1.3.2

Node version: 
  9.2.0

Platform: 
  linux x64

npm manifest: 
  {
      "name": "home",
      "version": "1.0.0",
      "description": "",
      "main": "index.js",
      "scripts": {
  	"start": "http-server",
  	"watch": "rollup -c -w"
  	"test": "echo \"Error: no test specified\" && exit 1"
      },
      "repository": {
  	"type": "git",
  	"url": "git+https://github.com/hugurp/home.git"
      },
      "author": "",
      "license": "ISC",
      "bugs": {
  	"url": "https://github.com/hugurp/home/issues"
      },
      "homepage": "https://github.com/hugurp/home#readme",
      "dependencies": {
  	"global": "^4.3.2",
  	"mousetrap": "^1.6.1",
  	"rollup": "^0.52.0"
      },
      "devDependencies": {
  	"rollup-plugin-node-resolve": "^3.0.0"
      }
  }

yarn manifest: 
  No manifest

Lockfile: 
  # THIS IS AN AUTOGENERATED FILE. DO NOT EDIT THIS FILE DIRECTLY.
  # yarn lockfile v1
  
  
  dom-walk@^0.1.0:
    version "0.1.1"
    resolved "https://registry.yarnpkg.com/dom-walk/-/dom-walk-0.1.1.tgz#672226dc74c8f799ad35307df936aba11acd6018"
  
  global@^4.3.2:
    version "4.3.2"
    resolved "https://registry.yarnpkg.com/global/-/global-4.3.2.tgz#e76989268a6c74c38908b1305b10fc0e394e9d0f"
    dependencies:
      min-document "^2.19.0"
      process "~0.5.1"
  
  min-document@^2.19.0:
    version "2.19.0"
    resolved "https://registry.yarnpkg.com/min-document/-/min-document-2.19.0.tgz#7bd282e3f5842ed295bb748cdd9f1ffa2c824685"
    dependencies:
      dom-walk "^0.1.0"
  
  mousetrap@^1.6.1:
    version "1.6.1"
    resolved "https://registry.yarnpkg.com/mousetrap/-/mousetrap-1.6.1.tgz#2a085f5c751294c75e7e81f6ec2545b29cbf42d9"
  
  process@~0.5.1:
    version "0.5.2"
    resolved "https://registry.yarnpkg.com/process/-/process-0.5.2.tgz#1638d8a8e34c2f440a91db95ab9aeb677fc185cf"
  
  rollup@^0.52.0:
    version "0.52.0"
    resolved "https://registry.yarnpkg.com/rollup/-/rollup-0.52.0.tgz#cdb6927f53bf7b7fb09af3a936b9c8ee49b161e2"

Trace: 
  SyntaxError: /home/hugo/code/hugurp/home/package.json: Unexpected string in JSON at position 161
      at JSON.parse (<anonymous>)
      at /usr/lib/node_modules/yarn/lib/cli.js:770:59
      at Generator.next (<anonymous>)
      at step (/usr/lib/node_modules/yarn/lib/cli.js:92:30)
      at /usr/lib/node_modules/yarn/lib/cli.js:103:13
      at <anonymous>
